<?xml version="1.0" encoding="UTF-8"?>
<!-- Generated by org.testng.reporters.JUnitReportReporter -->
<testsuite skipped="0" hostname="kamlesh" name="com.visaguide.qa.test.VisaGuideTest" tests="3" failures="0" timestamp="18 Sep 2018 17:39:54 GMT" time="107.682" errors="0">
  <testcase name="VisaFreeTest" time="20.694" classname="com.visaguide.qa.test.VisaGuideTest"/>
  <testcase name="VisaRequiredTest" time="32.270" classname="com.visaguide.qa.test.VisaGuideTest"/>
  <testcase name="VisaTestSameCountry" time="54.718" classname="com.visaguide.qa.test.VisaGuideTest"/>
</testsuite> <!-- com.visaguide.qa.test.VisaGuideTest -->
